---开始获取数据并处理。---
2023年6月3日 GMT+8 15:54:26
第一次请求初始 ID：642a36bda0c83600073021b5
第一次请求初始 ID：643f86ef9700650009a450d1
第一次请求初始 ID：644648beabec8700080c0728
第一次请求初始 ID：64464909e320a100084bf309
第一次请求初始 ID：6446496925d1fa0008ddbdfa
第一次请求初始 ID：6448e5edd4129400071abc6f
第一次请求初始 ID：6448f4a590cfd60008c92ed9
第一次请求初始 ID：6449da3f5d09b0000894b224
第一次请求初始 ID：6449da867bde400008beaca8
第一次请求初始 ID：6449e3297946cb000740cbd7
第一次请求初始 ID：644cd0068bdd9d00082f8537
第一次请求初始 ID：644cd092b0984b00082f3966
第一次请求初始 ID：644cd157894e6d00081caa48
第一次请求初始 ID：644cd1d2b43bc700099117b7
第一次请求初始 ID：644cd2cf8bdd9d0008319ea0
第一次请求初始 ID：644cd34ef3243f0009e47926
第一次请求初始 ID：644cd3a858a17a0008f4be4c
第一次请求初始 ID：642fbc736fabff000afa9b86
第一次请求初始 ID：643ccfc4c29f680008887d08
第一次请求初始 ID：644cd4fd6fa781000808934d
第一次请求初始 ID：644b117fcb8fe70007e62f20
第一次请求初始 ID：644cd565d6e85b00094e1700
第一次请求初始 ID：6451a962602b5c000822c539
第一次请求初始 ID：6451a8b0bb020200086fac85
第一次请求初始 ID：645460b6219dbb000720c394
第一次请求初始 ID：64546fb405823400080c7c4f
第一次请求初始 ID：6454606004ad6a00086290e4
第一次请求初始 ID：6455b1a2fbf97100089b568f
第一次请求初始 ID：643e09679208050008c6e699
第一次请求初始 ID：6455b2092e2f1d0008c2bb06
第一次请求初始 ID：64585c0c8a708f0009399628
第一次请求初始 ID：644cd41c550db700085303f3
第一次请求初始 ID：645b2a548ddd3700086fedaa
第一次请求初始 ID：645b01eecdfeb9000982b368
第一次请求初始 ID：645b2ba61edcbb0008a93766
第一次请求初始 ID：645c441df903e50008dbd10e
第一次请求初始 ID：645dcc7025f445000980830a
第一次请求初始 ID：645eda789d0c74000a7a07e0
第一次请求初始 ID：645edb018c94a9000799afd9
第一次请求初始 ID：645edb652dcd810008791eb4
第一次请求初始 ID：64649802cb589e000814f2ab
第一次请求初始 ID：64656ffa1e9ab4000867aa76
第一次请求初始 ID：6465768d1e9ab400086dc728
第一次请求初始 ID：64657776631031000893965e
第一次请求初始 ID：64641eda75487000098f5cb8
第一次请求初始 ID：646844a065651f000747f6c6
第一次请求初始 ID：646577e4e5fbf80008fd85fa
第一次请求初始 ID：64682fdfcb16cd00080da60e
第一次请求初始 ID：646ad2d87536950007e60482
第一次请求初始 ID：64697f71fd3439000986ec53
第一次请求初始 ID：646aee090635d50008428eb5
第一次请求初始 ID：646aeed26dc90d00098091cb
第一次请求初始 ID：646aef3e5654760008a80656
第一次请求初始 ID：646aee79a1422e0007d03f5c
第一次请求初始 ID：646aef8974638b0008bcc88d
第一次请求初始 ID：646aefd6e82d4a0008fd628b
第一次请求初始 ID：646af026e7633300078f9342
第一次请求初始 ID：646af09eafc7fb0008b77ce6
第一次请求初始 ID：646c29cf33482b000987ef29
第一次请求初始 ID：646c54b911589500086ce40a
第一次请求初始 ID：646c0c5c5e40150009c0bd87
第一次请求初始 ID：646db2add89a7000081ae827
第一次请求初始 ID：646eb18f3abe2300086dfc30
第一次请求初始 ID：6455b263762fed0008db7a61
第一次请求初始 ID：646eb1d202db61000938bc75
第一次请求初始 ID：646c611b357e620009f9b07c
第一次请求初始 ID：644ccf888d10fd0007c86f33
第一次请求初始 ID：646eb21d34ec2f00082bce27
第一次请求初始 ID：6471988c3d88db0008f15b54
第一次请求初始 ID：64703fcb0639c70008f26dd0
第一次请求初始 ID：6471ac8c06484900081c7648
第一次请求初始 ID：6471ad5ecc33450008da7967
第一次请求初始 ID：647198cb4164c500080693c0
第一次请求初始 ID：64740d0db22c6700082632c6
第一次请求初始 ID：6475b192cf81dc0008f9ea3b
第一次请求初始 ID：64793accd12b18000808f9b5
第一次请求初始 ID：64793a4d2aa6d80009f70bc4
第一次请求初始 ID：6477e67a7156020007922e14
第一次请求初始 ID：647939effd873e00083923eb
第一次请求初始 ID：64793b6ddb05ee0008f3cbb1
第一次请求初始 ID：64793bc228924b0009cd7a4f
第一次请求初始 ID：64793ce654550000087f53fb
第一次请求初始 ID：647975112aa6d8000928b116
第一次请求初始 ID：64793c1cde49a40008e7983f
第一次请求初始 ID：64793c96caf3f20007548902
第一次请求初始 ID：64585f404c02ae00084ba4f6
第一次请求初始 ID：64797f50060d6900085f7d76
第一次请求初始 ID：647a974305c10700080f97ca
第一次请求初始 ID：647975838a7cc80007da56c6
---开始执行第二次请求。---
---第一次请求完毕。---
第一次请求初始 ID：6470402ba379c9000702a957
第一次请求初始 ID：64740c96ba2105000809a07d
第一次请求初始 ID：64797fd6449a6800092c648b
筛选后的 ID：642a36bda0c83600073021b5
筛选后的 ID：642fbc736fabff000afa9b86
筛选后的 ID：643ccfc4c29f680008887d08
筛选后的 ID：643e09679208050008c6e699
筛选后的 ID：643f86ef9700650009a450d1
筛选后的 ID：644648beabec8700080c0728
筛选后的 ID：64464909e320a100084bf309
筛选后的 ID：6446496925d1fa0008ddbdfa
筛选后的 ID：6448e5edd4129400071abc6f
筛选后的 ID：6448f4a590cfd60008c92ed9
筛选后的 ID：6449da3f5d09b0000894b224
筛选后的 ID：6449da867bde400008beaca8
筛选后的 ID：6449e3297946cb000740cbd7
筛选后的 ID：644b117fcb8fe70007e62f20
筛选后的 ID：644ccf888d10fd0007c86f33
筛选后的 ID：644cd0068bdd9d00082f8537
筛选后的 ID：644cd092b0984b00082f3966
筛选后的 ID：644cd157894e6d00081caa48
筛选后的 ID：644cd1d2b43bc700099117b7
筛选后的 ID：644cd2cf8bdd9d0008319ea0
筛选后的 ID：644cd34ef3243f0009e47926
筛选后的 ID：644cd3a858a17a0008f4be4c
筛选后的 ID：644cd41c550db700085303f3
筛选后的 ID：644cd4fd6fa781000808934d
筛选后的 ID：644cd565d6e85b00094e1700
筛选后的 ID：6451a8b0bb020200086fac85
筛选后的 ID：6451a962602b5c000822c539
筛选后的 ID：6454606004ad6a00086290e4
筛选后的 ID：645460b6219dbb000720c394
筛选后的 ID：64546fb405823400080c7c4f
筛选后的 ID：6455b1a2fbf97100089b568f
筛选后的 ID：6455b2092e2f1d0008c2bb06
筛选后的 ID：6455b263762fed0008db7a61
筛选后的 ID：64585c0c8a708f0009399628
筛选后的 ID：64585f404c02ae00084ba4f6
筛选后的 ID：645b01eecdfeb9000982b368
筛选后的 ID：645b2a548ddd3700086fedaa
筛选后的 ID：645b2ba61edcbb0008a93766
筛选后的 ID：645c441df903e50008dbd10e
筛选后的 ID：645dcc7025f445000980830a
筛选后的 ID：645eda789d0c74000a7a07e0
筛选后的 ID：645edb018c94a9000799afd9
筛选后的 ID：645edb652dcd810008791eb4
筛选后的 ID：64641eda75487000098f5cb8
筛选后的 ID：64649802cb589e000814f2ab
筛选后的 ID：64656ffa1e9ab4000867aa76
筛选后的 ID：6465768d1e9ab400086dc728
筛选后的 ID：64657776631031000893965e
筛选后的 ID：646577e4e5fbf80008fd85fa
筛选后的 ID：64682fdfcb16cd00080da60e
筛选后的 ID：646844a065651f000747f6c6
筛选后的 ID：64697f71fd3439000986ec53
筛选后的 ID：646ad2d87536950007e60482
筛选后的 ID：646aee090635d50008428eb5
筛选后的 ID：646aee79a1422e0007d03f5c
筛选后的 ID：646aeed26dc90d00098091cb
筛选后的 ID：646aef3e5654760008a80656
筛选后的 ID：646aef8974638b0008bcc88d
筛选后的 ID：646aefd6e82d4a0008fd628b
筛选后的 ID：646af026e7633300078f9342
筛选后的 ID：646af09eafc7fb0008b77ce6
筛选后的 ID：646c0c5c5e40150009c0bd87
筛选后的 ID：646c29cf33482b000987ef29
筛选后的 ID：646c54b911589500086ce40a
筛选后的 ID：646c611b357e620009f9b07c
筛选后的 ID：646db2add89a7000081ae827
筛选后的 ID：646eb18f3abe2300086dfc30
筛选后的 ID：646eb1d202db61000938bc75
筛选后的 ID：646eb21d34ec2f00082bce27
筛选后的 ID：64703fcb0639c70008f26dd0
筛选后的 ID：6470402ba379c9000702a957
筛选后的 ID：6471988c3d88db0008f15b54
筛选后的 ID：647198cb4164c500080693c0
筛选后的 ID：6471ad5ecc33450008da7967
筛选后的 ID：64740c96ba2105000809a07d
筛选后的 ID：64740d0db22c6700082632c6
筛选后的 ID：6475b192cf81dc0008f9ea3b
筛选后的 ID：6477e67a7156020007922e14
筛选后的 ID：647939effd873e00083923eb
筛选后的 ID：64793a4d2aa6d80009f70bc4
筛选后的 ID：64793accd12b18000808f9b5
筛选后的 ID：64793b6ddb05ee0008f3cbb1
筛选后的 ID：64793bc228924b0009cd7a4f
筛选后的 ID：64793c1cde49a40008e7983f
筛选后的 ID：64793c96caf3f20007548902
筛选后的 ID：64793ce654550000087f53fb
筛选后的 ID：647975112aa6d8000928b116
筛选后的 ID：647975838a7cc80007da56c6
筛选后的 ID：64797fd6449a6800092c648b
---第二次请求完成。---
---执行第三次请求。---
请求款号：WE23SM03-M0008成衣印花一次追加  请求项目：裁剪开始时间  获取时间：2023-04-03T16:00:00.000Z
请求款号：WE23SM03-M0008成衣印花一次追加  请求项目：印花开始时间  获取时间：2023-04-04T16:00:00.000Z
请求款号：WE23SM03-M0008成衣印花一次追加  请求项目：绣花开始时间  获取时间：null
请求款号：WE23SM03-M0008成衣印花一次追加  请求项目：缝纫开始时间  获取时间：2023-04-05T16:00:00.000Z
请求款号：WE23SM03-M0008成衣印花一次追加  请求项目：后整开始时间  获取时间：2023-04-09T16:00:00.000Z
请求款号：WE23SM03-M0008成衣印花一次追加  请求项目：送检开始时间  获取时间：2023-04-16T16:00:00.000Z
请求款号：TE1212641  请求项目：裁剪开始时间  获取时间：2023-04-07T16:00:00.000Z
请求款号：TE1212641  请求项目：印花开始时间  获取时间：null
请求款号：TE1212641  请求项目：绣花开始时间  获取时间：null
请求款号：TE1212641  请求项目：缝纫开始时间  获取时间：2023-04-08T16:00:00.000Z
请求款号：TE1212641  请求项目：后整开始时间  获取时间：2023-04-11T16:00:00.000Z
请求款号：TE1212641  请求项目：送检开始时间  获取时间：2023-04-11T16:00:00.000Z
请求款号：DCZ1031306A0009-2  请求项目：裁剪开始时间  获取时间：2023-04-17T16:00:00.000Z
请求款号：DCZ1031306A0009-2  请求项目：印花开始时间  获取时间：null
请求款号：DCZ1031306A0009-2  请求项目：绣花开始时间  获取时间：2023-04-18T16:00:00.000Z
请求款号：DCZ1031306A0009-2  请求项目：缝纫开始时间  获取时间：2023-04-21T16:00:00.000Z
请求款号：DCZ1031306A0009-2  请求项目：后整开始时间  获取时间：2023-04-23T16:00:00.000Z
请求款号：DCZ1031306A0009-2  请求项目：送检开始时间  获取时间：2023-04-24T16:00:00.000Z
请求款号：LF800223TS二次追加  请求项目：裁剪开始时间  获取时间：2023-04-18T16:00:00.000Z
请求款号：LF800223TS二次追加  请求项目：印花开始时间  获取时间：null
请求款号：LF800223TS二次追加  请求项目：绣花开始时间  获取时间：null
请求款号：LF800223TS二次追加  请求项目：缝纫开始时间  获取时间：2023-04-21T16:00:00.000Z
请求款号：LF800223TS二次追加  请求项目：后整开始时间  获取时间：2023-04-26T16:00:00.000Z
请求款号：LF800223TS二次追加  请求项目：送检开始时间  获取时间：2023-04-28T16:00:00.000Z
请求款号：PA33L1C1530  请求项目：裁剪开始时间  获取时间：2023-04-18T16:00:00.000Z
请求款号：PA33L1C1530  请求项目：印花开始时间  获取时间：null
请求款号：PA33L1C1530  请求项目：绣花开始时间  获取时间：null
请求款号：PA33L1C1530  请求项目：缝纫开始时间  获取时间：2023-04-21T16:00:00.000Z
请求款号：PA33L1C1530  请求项目：后整开始时间  获取时间：2023-04-23T16:00:00.000Z
请求款号：PA33L1C1530  请求项目：送检开始时间  获取时间：2023-04-24T16:00:00.000Z
请求款号：12317127A  请求项目：裁剪开始时间  获取时间：2023-04-24T16:00:00.000Z
请求款号：12317127A  请求项目：印花开始时间  获取时间：2023-05-12T16:00:00.000Z
请求款号：12317127A  请求项目：绣花开始时间  获取时间：2023-05-13T16:00:00.000Z
请求款号：12317127A  请求项目：缝纫开始时间  获取时间：2023-05-14T16:00:00.000Z
请求款号：12317127A  请求项目：后整开始时间  获取时间：2023-05-19T16:00:00.000Z
请求款号：12317127A  请求项目：送检开始时间  获取时间：2023-05-21T16:00:00.000Z
请求款号：12317128A  请求项目：裁剪开始时间  获取时间：2023-04-25T16:00:00.000Z
请求款号：12317128A  请求项目：印花开始时间  获取时间：2023-04-26T16:00:00.000Z
请求款号：12317128A  请求项目：绣花开始时间  获取时间：null
请求款号：12317128A  请求项目：缝纫开始时间  获取时间：2023-05-09T16:00:00.000Z
请求款号：12317128A  请求项目：后整开始时间  获取时间：2023-05-12T16:00:00.000Z
请求款号：12317128A  请求项目：送检开始时间  获取时间：2023-05-14T16:00:00.000Z
请求款号：12317129A  请求项目：裁剪开始时间  获取时间：2023-04-26T16:00:00.000Z
请求款号：12317129A  请求项目：印花开始时间  获取时间：2023-05-14T16:00:00.000Z
请求款号：12317129A  请求项目：绣花开始时间  获取时间：null
请求款号：12317129A  请求项目：缝纫开始时间  获取时间：2023-05-16T16:00:00.000Z
请求款号：12317129A  请求项目：后整开始时间  获取时间：2023-05-21T16:00:00.000Z
请求款号：12317129A  请求项目：送检开始时间  获取时间：2023-05-22T16:00:00.000Z
请求款号：YTM0466  请求项目：裁剪开始时间  获取时间：2023-04-26T16:00:00.000Z
请求款号：YTM0466  请求项目：印花开始时间  获取时间：null
请求款号：YTM0466  请求项目：绣花开始时间  获取时间：null
请求款号：YTM0466  请求项目：缝纫开始时间  获取时间：2023-05-02T16:00:00.000Z
请求款号：YTM0466  请求项目：后整开始时间  获取时间：2023-05-05T16:00:00.000Z
请求款号：YTM0466  请求项目：送检开始时间  获取时间：2023-05-08T16:00:00.000Z
请求款号：YTM0464  请求项目：裁剪开始时间  获取时间：2023-04-25T16:00:00.000Z
请求款号：YTM0464  请求项目：印花开始时间  获取时间：null
请求款号：YTM0464  请求项目：绣花开始时间  获取时间：null
请求款号：YTM0464  请求项目：缝纫开始时间  获取时间：2023-04-27T16:00:00.000Z
请求款号：YTM0464  请求项目：后整开始时间  获取时间：2023-05-04T16:00:00.000Z
请求款号：YTM0464  请求项目：送检开始时间  获取时间：2023-05-10T16:00:00.000Z
请求款号：YTM0461  请求项目：裁剪开始时间  获取时间：2023-04-26T16:00:00.000Z
请求款号：YTM0461  请求项目：印花开始时间  获取时间：null
请求款号：YTM0461  请求项目：绣花开始时间  获取时间：null
请求款号：YTM0461  请求项目：缝纫开始时间  获取时间：2023-05-02T16:00:00.000Z
请求款号：YTM0461  请求项目：后整开始时间  获取时间：2023-05-08T16:00:00.000Z
请求款号：YTM0461  请求项目：送检开始时间  获取时间：2023-05-10T16:00:00.000Z
请求款号：YTM0462  请求项目：裁剪开始时间  获取时间：2023-04-27T16:00:00.000Z
请求款号：YTM0462  请求项目：印花开始时间  获取时间：null
请求款号：YTM0462  请求项目：绣花开始时间  获取时间：null
请求款号：YTM0462  请求项目：缝纫开始时间  获取时间：2023-05-02T16:00:00.000Z
请求款号：YTM0462  请求项目：后整开始时间  获取时间：2023-05-05T16:00:00.000Z
请求款号：YTM0462  请求项目：送检开始时间  获取时间：2023-05-09T16:00:00.000Z
请求款号：DCZ1031506A0006  请求项目：裁剪开始时间  获取时间：2023-04-27T16:00:00.000Z
请求款号：DCZ1031506A0006  请求项目：印花开始时间  获取时间：null
请求款号：DCZ1031506A0006  请求项目：绣花开始时间  获取时间：2023-05-06T16:00:00.000Z
请求款号：DCZ1031506A0006  请求项目：缝纫开始时间  获取时间：2023-05-09T16:00:00.000Z
请求款号：DCZ1031506A0006  请求项目：后整开始时间  获取时间：2023-05-11T16:00:00.000Z
请求款号：DCZ1031506A0006  请求项目：送检开始时间  获取时间：2023-05-14T16:00:00.000Z
请求款号：YTM0469  请求项目：裁剪开始时间  获取时间：2023-04-28T16:00:00.000Z
请求款号：YTM0469  请求项目：印花开始时间  获取时间：null
请求款号：YTM0469  请求项目：绣花开始时间  获取时间：null
请求款号：YTM0469  请求项目：缝纫开始时间  获取时间：2023-05-02T16:00:00.000Z
请求款号：YTM0469  请求项目：后整开始时间  获取时间：2023-05-04T16:00:00.000Z
请求款号：YTM0469  请求项目：送检开始时间  获取时间：2023-05-05T16:00:00.000Z
请求款号：12317195  请求项目：裁剪开始时间  获取时间：2023-04-28T16:00:00.000Z
请求款号：12317195  请求项目：印花开始时间  获取时间：2023-05-15T16:00:00.000Z
请求款号：12317195  请求项目：绣花开始时间  获取时间：null
请求款号：12317195  请求项目：缝纫开始时间  获取时间：2023-05-16T16:00:00.000Z
请求款号：12317195  请求项目：后整开始时间  获取时间：2023-05-19T16:00:00.000Z
请求款号：12317195  请求项目：送检开始时间  获取时间：2023-05-21T16:00:00.000Z
请求款号：12317196  请求项目：裁剪开始时间  获取时间：2023-05-03T16:00:00.000Z
请求款号：12317196  请求项目：印花开始时间  获取时间：2023-05-05T16:00:00.000Z
请求款号：12317196  请求项目：绣花开始时间  获取时间：null
请求款号：12317196  请求项目：缝纫开始时间  获取时间：2023-05-10T16:00:00.000Z
请求款号：12317196  请求项目：后整开始时间  获取时间：2023-05-11T16:00:00.000Z
请求款号：12317196  请求项目：送检开始时间  获取时间：2023-05-13T16:00:00.000Z
请求款号：12317197  请求项目：裁剪开始时间  获取时间：2023-05-02T16:00:00.000Z
请求款号：12317197  请求项目：印花开始时间  获取时间：null
请求款号：12317197  请求项目：绣花开始时间  获取时间：2023-05-06T16:00:00.000Z
请求款号：12317197  请求项目：缝纫开始时间  获取时间：2023-05-11T16:00:00.000Z
请求款号：12317197  请求项目：后整开始时间  获取时间：2023-05-12T16:00:00.000Z
请求款号：12317197  请求项目：送检开始时间  获取时间：2023-05-14T16:00:00.000Z
请求款号：12317198  请求项目：裁剪开始时间  获取时间：2023-05-19T16:00:00.000Z
请求款号：12317198  请求项目：印花开始时间  获取时间：null
请求款号：12317198  请求项目：绣花开始时间  获取时间：null
请求款号：12317198  请求项目：缝纫开始时间  获取时间：2023-05-22T16:00:00.000Z
请求款号：12317198  请求项目：后整开始时间  获取时间：2023-05-25T16:00:00.000Z
请求款号：12317198  请求项目：送检开始时间  获取时间：2023-05-27T16:00:00.000Z
请求款号：12317199  请求项目：裁剪开始时间  获取时间：2023-05-04T16:00:00.000Z
请求款号：12317199  请求项目：印花开始时间  获取时间：2023-05-06T16:00:00.000Z
请求款号：12317199  请求项目：绣花开始时间  获取时间：null
请求款号：12317199  请求项目：缝纫开始时间  获取时间：2023-05-09T16:00:00.000Z
请求款号：12317199  请求项目：后整开始时间  获取时间：2023-05-10T16:00:00.000Z
请求款号：12317199  请求项目：送检开始时间  获取时间：2023-05-12T16:00:00.000Z
请求款号：12317200  请求项目：裁剪开始时间  获取时间：2023-05-04T16:00:00.000Z
请求款号：12317200  请求项目：印花开始时间  获取时间：2023-05-16T16:00:00.000Z
请求款号：12317200  请求项目：绣花开始时间  获取时间：null
请求款号：12317200  请求项目：缝纫开始时间  获取时间：2023-05-19T16:00:00.000Z
请求款号：12317200  请求项目：后整开始时间  获取时间：2023-05-21T16:00:00.000Z
请求款号：12317200  请求项目：送检开始时间  获取时间：2023-05-23T16:00:00.000Z
请求款号：12317201  请求项目：裁剪开始时间  获取时间：2023-05-07T16:00:00.000Z
请求款号：12317201  请求项目：印花开始时间  获取时间：null
请求款号：12317201  请求项目：绣花开始时间  获取时间：2023-05-09T16:00:00.000Z
请求款号：12317201  请求项目：缝纫开始时间  获取时间：2023-05-16T16:00:00.000Z
请求款号：12317201  请求项目：后整开始时间  获取时间：2023-05-17T16:00:00.000Z
请求款号：12317201  请求项目：送检开始时间  获取时间：2023-05-18T16:00:00.000Z
请求款号：12317202  请求项目：裁剪开始时间  获取时间：2023-05-19T16:00:00.000Z
请求款号：12317202  请求项目：印花开始时间  获取时间：null
请求款号：12317202  请求项目：绣花开始时间  获取时间：null
请求款号：12317202  请求项目：缝纫开始时间  获取时间：2023-05-23T16:00:00.000Z
请求款号：12317202  请求项目：后整开始时间  获取时间：2023-05-26T16:00:00.000Z
请求款号：12317202  请求项目：送检开始时间  获取时间：2023-05-28T16:00:00.000Z
请求款号：12317203  请求项目：裁剪开始时间  获取时间：2023-05-05T16:00:00.000Z
请求款号：12317203  请求项目：印花开始时间  获取时间：2023-05-19T16:00:00.000Z
请求款号：12317203  请求项目：绣花开始时间  获取时间：null
请求款号：12317203  请求项目：缝纫开始时间  获取时间：2023-05-21T16:00:00.000Z
请求款号：12317203  请求项目：后整开始时间  获取时间：2023-05-23T16:00:00.000Z
请求款号：12317203  请求项目：送检开始时间  获取时间：2023-05-24T16:00:00.000Z
请求款号：12317204  请求项目：裁剪开始时间  获取时间：2023-05-05T16:00:00.000Z
请求款号：12317204  请求项目：印花开始时间  获取时间：null
请求款号：12317204  请求项目：绣花开始时间  获取时间：2023-05-12T16:00:00.000Z
请求款号：12317204  请求项目：缝纫开始时间  获取时间：2023-05-19T16:00:00.000Z
请求款号：12317204  请求项目：后整开始时间  获取时间：2023-05-22T16:00:00.000Z
请求款号：12317204  请求项目：送检开始时间  获取时间：2023-05-23T16:00:00.000Z
请求款号：12317205  请求项目：裁剪开始时间  获取时间：2023-05-04T16:00:00.000Z
请求款号：12317205  请求项目：印花开始时间  获取时间：2023-05-19T16:00:00.000Z
请求款号：12317205  请求项目：绣花开始时间  获取时间：null
请求款号：12317205  请求项目：缝纫开始时间  获取时间：2023-05-23T16:00:00.000Z
请求款号：12317205  请求项目：后整开始时间  获取时间：2023-05-25T16:00:00.000Z
请求款号：12317205  请求项目：送检开始时间  获取时间：2023-05-26T16:00:00.000Z
请求款号：DPZ2021406A0009-9  请求项目：裁剪开始时间  获取时间：2023-05-07T16:00:00.000Z
请求款号：DPZ2021406A0009-9  请求项目：印花开始时间  获取时间：2023-05-10T16:00:00.000Z
请求款号：DPZ2021406A0009-9  请求项目：绣花开始时间  获取时间：null
请求款号：DPZ2021406A0009-9  请求项目：缝纫开始时间  获取时间：2023-05-12T16:00:00.000Z
请求款号：DPZ2021406A0009-9  请求项目：后整开始时间  获取时间：2023-05-14T16:00:00.000Z
请求款号：DPZ2021406A0009-9  请求项目：送检开始时间  获取时间：2023-05-16T16:00:00.000Z
请求款号：DPZ2031306A0004-1  请求项目：裁剪开始时间  获取时间：2023-05-08T16:00:00.000Z
请求款号：DPZ2031306A0004-1  请求项目：印花开始时间  获取时间：null
请求款号：DPZ2031306A0004-1  请求项目：绣花开始时间  获取时间：2023-05-10T16:00:00.000Z
请求款号：DPZ2031306A0004-1  请求项目：缝纫开始时间  获取时间：2023-05-14T16:00:00.000Z
请求款号：DPZ2031306A0004-1  请求项目：后整开始时间  获取时间：2023-05-16T16:00:00.000Z
请求款号：DPZ2031306A0004-1  请求项目：送检开始时间  获取时间：2023-05-16T16:00:00.000Z
请求款号：TYZ1021506A0008二次追加  请求项目：裁剪开始时间  获取时间：2023-05-06T16:00:00.000Z
请求款号：TYZ1021506A0008二次追加  请求项目：印花开始时间  获取时间：2023-05-08T16:00:00.000Z
请求款号：TYZ1021506A0008二次追加  请求项目：绣花开始时间  获取时间：null
请求款号：TYZ1021506A0008二次追加  请求项目：缝纫开始时间  获取时间：2023-05-16T16:00:00.000Z
请求款号：TYZ1021506A0008二次追加  请求项目：后整开始时间  获取时间：2023-05-17T16:00:00.000Z
请求款号：TYZ1021506A0008二次追加  请求项目：送检开始时间  获取时间：2023-05-19T16:00:00.000Z
请求款号：TYZ1021406A0006三次追加  请求项目：裁剪开始时间  获取时间：2023-05-08T16:00:00.000Z
请求款号：TYZ1021406A0006三次追加  请求项目：印花开始时间  获取时间：2023-05-11T16:00:00.000Z
请求款号：TYZ1021406A0006三次追加  请求项目：绣花开始时间  获取时间：null
请求款号：TYZ1021406A0006三次追加  请求项目：缝纫开始时间  获取时间：2023-05-18T16:00:00.000Z
请求款号：TYZ1021406A0006三次追加  请求项目：后整开始时间  获取时间：2023-05-20T16:00:00.000Z
请求款号：TYZ1021406A0006三次追加  请求项目：送检开始时间  获取时间：2023-05-22T16:00:00.000Z
请求款号：EH1212560  请求项目：裁剪开始时间  获取时间：2023-05-08T16:00:00.000Z
请求款号：EH1212560  请求项目：印花开始时间  获取时间：null
请求款号：EH1212560  请求项目：绣花开始时间  获取时间：null
请求款号：EH1212560  请求项目：缝纫开始时间  获取时间：2023-05-10T16:00:00.000Z
请求款号：EH1212560  请求项目：后整开始时间  获取时间：2023-05-15T16:00:00.000Z
请求款号：EH1212560  请求项目：送检开始时间  获取时间：2023-05-18T16:00:00.000Z
请求款号：1412317207  请求项目：裁剪开始时间  获取时间：2023-05-19T16:00:00.000Z
请求款号：1412317207  请求项目：印花开始时间  获取时间：null
请求款号：1412317207  请求项目：绣花开始时间  获取时间：null
请求款号：1412317207  请求项目：缝纫开始时间  获取时间：2023-05-20T16:00:00.000Z
请求款号：1412317207  请求项目：后整开始时间  获取时间：2023-05-22T16:00:00.000Z
请求款号：1412317207  请求项目：送检开始时间  获取时间：2023-05-23T16:00:00.000Z
请求款号：1412317206  请求项目：裁剪开始时间  获取时间：2023-05-06T16:00:00.000Z
请求款号：1412317206  请求项目：印花开始时间  获取时间：null
请求款号：1412317206  请求项目：绣花开始时间  获取时间：2023-05-08T16:00:00.000Z
请求款号：1412317206  请求项目：缝纫开始时间  获取时间：2023-05-11T16:00:00.000Z
请求款号：1412317206  请求项目：后整开始时间  获取时间：2023-05-14T16:00:00.000Z
请求款号：1412317206  请求项目：送检开始时间  获取时间：2023-05-15T16:00:00.000Z
请求款号：1412317208  请求项目：裁剪开始时间  获取时间：2023-05-07T16:00:00.000Z
请求款号：1412317208  请求项目：印花开始时间  获取时间：2023-05-19T16:00:00.000Z
请求款号：1412317208  请求项目：绣花开始时间  获取时间：null
请求款号：1412317208  请求项目：缝纫开始时间  获取时间：2023-05-21T16:00:00.000Z
请求款号：1412317208  请求项目：后整开始时间  获取时间：2023-05-22T16:00:00.000Z
请求款号：1412317208  请求项目：送检开始时间  获取时间：2023-05-24T16:00:00.000Z
请求款号：PA33L1C1630  请求项目：裁剪开始时间  获取时间：2023-05-08T16:00:00.000Z
请求款号：PA33L1C1630  请求项目：印花开始时间  获取时间：null
请求款号：PA33L1C1630  请求项目：绣花开始时间  获取时间：null
请求款号：PA33L1C1630  请求项目：缝纫开始时间  获取时间：2023-05-19T16:00:00.000Z
请求款号：PA33L1C1630  请求项目：后整开始时间  获取时间：2023-05-22T16:00:00.000Z
请求款号：PA33L1C1630  请求项目：送检开始时间  获取时间：2023-05-24T16:00:00.000Z
请求款号：YTM0468  请求项目：裁剪开始时间  获取时间：2023-05-02T16:00:00.000Z
请求款号：YTM0468  请求项目：印花开始时间  获取时间：null
请求款号：YTM0468  请求项目：绣花开始时间  获取时间：null
请求款号：YTM0468  请求项目：缝纫开始时间  获取时间：2023-05-07T16:00:00.000Z
请求款号：YTM0468  请求项目：后整开始时间  获取时间：2023-05-11T16:00:00.000Z
